2015-07-31 22:38:03 Notice: Notice (8): Undefined variable: user_id in [/var/www/sistema/app/Controller/PlanningsController.php, line 13]
Trace:
PlanningsController::index() - APP/Controller/PlanningsController.php, line 13
ReflectionMethod::invokeArgs() - [internal], line ??
Controller::invokeAction() - CORE/Cake/Controller/Controller.php, line 490
Dispatcher::_invoke() - CORE/Cake/Routing/Dispatcher.php, line 193
Dispatcher::dispatch() - CORE/Cake/Routing/Dispatcher.php, line 167
[main] - APP/webroot/index.php, line 118

2015-07-31 22:38:57 Notice: Notice (8): Undefined variable: user_id in [/var/www/sistema/app/Controller/PlanningsController.php, line 13]
Trace:
PlanningsController::index() - APP/Controller/PlanningsController.php, line 13
ReflectionMethod::invokeArgs() - [internal], line ??
Controller::invokeAction() - CORE/Cake/Controller/Controller.php, line 490
Dispatcher::_invoke() - CORE/Cake/Routing/Dispatcher.php, line 193
Dispatcher::dispatch() - CORE/Cake/Routing/Dispatcher.php, line 167
[main] - APP/webroot/index.php, line 118

2015-07-31 22:39:23 Notice: Notice (8): Undefined variable: user_id in [/var/www/sistema/app/Controller/PlanningsController.php, line 13]
Trace:
PlanningsController::index() - APP/Controller/PlanningsController.php, line 13
ReflectionMethod::invokeArgs() - [internal], line ??
Controller::invokeAction() - CORE/Cake/Controller/Controller.php, line 490
Dispatcher::_invoke() - CORE/Cake/Routing/Dispatcher.php, line 193
Dispatcher::dispatch() - CORE/Cake/Routing/Dispatcher.php, line 167
[main] - APP/webroot/index.php, line 118

